<?xml version="1.0" encoding="UTF-8"?>
<testsuite xmlns:xsi="http://www.w3.org/2001/XMLSchema-instance" xsi:noNamespaceSchemaLocation="https://maven.apache.org/surefire/maven-surefire-plugin/xsd/surefire-test-report.xsd" name="com.application.customer.controller.CustomerControllerTest" time="10.586" tests="11" errors="0" skipped="0" failures="0">
  <properties>
[...]
</properties>
  <testcase name="testSearchEndsnameCustomer" classname="com.application.customer.controller.CustomerControllerTest" time="0.906"/>
  <testcase name="testSearchStartsnameCustomer" classname="com.application.customer.controller.CustomerControllerTest" time="0.05"/>
  <testcase name="testSearchContainsnameCustomer" classname="com.application.customer.controller.CustomerControllerTest" time="0.048"/>
  <testcase name="testSearchGreaterCustomer" classname="com.application.customer.controller.CustomerControllerTest" time="0.093"/>
  <testcase name="testGetAllCustomers" classname="com.application.customer.controller.CustomerControllerTest" time="0.045"/>
  <testcase name="testSearchLessCustomer" classname="com.application.customer.controller.CustomerControllerTest" time="0.065"/>
  <testcase name="testUpdateCustomer" classname="com.application.customer.controller.CustomerControllerTest" time="0.123"/>
  <testcase name="testCreateCustomer" classname="com.application.customer.controller.CustomerControllerTest" time="0.03"/>
  <testcase name="testGetCustomerDetails" classname="com.application.customer.controller.CustomerControllerTest" time="0.047"/>
  <testcase name="testSearchCustomer" classname="com.application.customer.controller.CustomerControllerTest" time="0.031"/>
  <testcase name="testDeleteCustomer" classname="com.application.customer.controller.CustomerControllerTest" time="0.029"/>
</testsuite>